Performing C SOURCE FILE Test CMAKE_HAVE_LIBC_PTHREAD failed with the following output:
Change Dir: /home/wzy/catkin_ws/src/rotors_simulator/rotors_control/cmake-build-debug/CMakeFiles/CMakeTmp

Run Build Command(s):/usr/bin/make cmTC_e3cb4/fast && /usr/bin/make -f CMakeFiles/cmTC_e3cb4.dir/build.make CMakeFiles/cmTC_e3cb4.dir/build
make[1]: Entering directory '/home/wzy/catkin_ws/src/rotors_simulator/rotors_control/cmake-build-debug/CMakeFiles/CMakeTmp'
Building C object CMakeFiles/cmTC_e3cb4.dir/src.c.o
/usr/bin/cc   -DCMAKE_HAVE_LIBC_PTHREAD   -o CMakeFiles/cmTC_e3cb4.dir/src.c.o   -c /home/wzy/catkin_ws/src/rotors_simulator/rotors_control/cmake-build-debug/CMakeFiles/CMakeTmp/src.c
Linking C executable cmTC_e3cb4
/home/wzy/software/clion-2019.3.3/bin/cmake/linux/bin/cmake -E cmake_link_script CMakeFiles/cmTC_e3cb4.dir/link.txt --verbose=1
/usr/bin/cc  -DCMAKE_HAVE_LIBC_PTHREAD    -rdynamic CMakeFiles/cmTC_e3cb4.dir/src.c.o  -o cmTC_e3cb4 
CMakeFiles/cmTC_e3cb4.dir/src.c.o: In function `main':
src.c:(.text+0x3e): undefined reference to `pthread_create'
src.c:(.text+0x4a): undefined reference to `pthread_detach'
src.c:(.text+0x5b): undefined reference to `pthread_join'
src.c:(.text+0x6f): undefined reference to `pthread_atfork'
collect2: error: ld returned 1 exit status
CMakeFiles/cmTC_e3cb4.dir/build.make:86: recipe for target 'cmTC_e3cb4' failed
make[1]: *** [cmTC_e3cb4] Error 1
make[1]: Leaving directory '/home/wzy/catkin_ws/src/rotors_simulator/rotors_control/cmake-build-debug/CMakeFiles/CMakeTmp'
Makefile:121: recipe for target 'cmTC_e3cb4/fast' failed
make: *** [cmTC_e3cb4/fast] Error 2


Source file was:
#include <pthread.h>

void* test_func(void* data)
{
  return data;
}

int main(void)
{
  pthread_t thread;
  pthread_create(&thread, NULL, test_func, NULL);
  pthread_detach(thread);
  pthread_join(thread, NULL);
  pthread_atfork(NULL, NULL, NULL);
  pthread_exit(NULL);

  return 0;
}

Determining if the function pthread_create exists in the pthreads failed with the following output:
Change Dir: /home/wzy/catkin_ws/src/rotors_simulator/rotors_control/cmake-build-debug/CMakeFiles/CMakeTmp

Run Build Command(s):/usr/bin/make cmTC_0993a/fast && /usr/bin/make -f CMakeFiles/cmTC_0993a.dir/build.make CMakeFiles/cmTC_0993a.dir/build
make[1]: Entering directory '/home/wzy/catkin_ws/src/rotors_simulator/rotors_control/cmake-build-debug/CMakeFiles/CMakeTmp'
Building C object CMakeFiles/cmTC_0993a.dir/CheckFunctionExists.c.o
/usr/bin/cc   -DCHECK_FUNCTION_EXISTS=pthread_create   -o CMakeFiles/cmTC_0993a.dir/CheckFunctionExists.c.o   -c /home/wzy/software/clion-2019.3.3/bin/cmake/linux/share/cmake-3.15/Modules/CheckFunctionExists.c
Linking C executable cmTC_0993a
/home/wzy/software/clion-2019.3.3/bin/cmake/linux/bin/cmake -E cmake_link_script CMakeFiles/cmTC_0993a.dir/link.txt --verbose=1
/usr/bin/cc  -DCHECK_FUNCTION_EXISTS=pthread_create    -rdynamic CMakeFiles/cmTC_0993a.dir/CheckFunctionExists.c.o  -o cmTC_0993a -lpthreads 
/usr/bin/ld: cannot find -lpthreads
collect2: error: ld returned 1 exit status
CMakeFiles/cmTC_0993a.dir/build.make:86: recipe for target 'cmTC_0993a' failed
make[1]: *** [cmTC_0993a] Error 1
make[1]: Leaving directory '/home/wzy/catkin_ws/src/rotors_simulator/rotors_control/cmake-build-debug/CMakeFiles/CMakeTmp'
Makefile:121: recipe for target 'cmTC_0993a/fast' failed
make: *** [cmTC_0993a/fast] Error 2



